build/app/intermediates/proguard-rules/release/aapt_rules.txt
# Referenced at merged_manifests/release/AndroidManifest.xml:15
-keep class androidx.core.app.CoreComponentFactory { <init>(); }
# Referenced at merged_manifests/release/AndroidManifest.xml:19
-keep class com.example.space_reload_flutter.MainActivity { <init>(); }
# Referenced at merged_manifests/release/AndroidManifest.xml:67
-keep class com.google.android.gms.common.api.GoogleApiActivity { <init>(); }
# Referenced at merged_manifests/release/AndroidManifest.xml:61
-keep class com.lyokone.location.FlutterLocationService { <init>(); }